2020-11-12 14:39:47,391 [Worker-0] INFO  c.g.t.t.d.PublishedGradleVersions - Gradle version information cache is out-of-date. Trying to update.
2020-11-12 14:39:49,194 [Worker-0] ERROR c.g.t.t.d.PublishedGradleVersions - Cannot write Gradle version information cache file.
java.io.FileNotFoundException: C:\Users\leehwayong\.tooling\gradle\versions.json (액세스가 거부되었습니다)
	at java.io.FileOutputStream.open0(Native Method) ~[na:1.8.0_271]
	at java.io.FileOutputStream.open(Unknown Source) ~[na:1.8.0_271]
	at java.io.FileOutputStream.<init>(Unknown Source) ~[na:1.8.0_271]
	at com.google.common.io.Files$FileByteSink.openStream(Files.java:245) ~[com.google.guava_15.0.0.v201403281430.jar:na]
	at com.google.common.io.Files$FileByteSink.openStream(Files.java:233) ~[com.google.guava_15.0.0.v201403281430.jar:na]
	at com.google.common.io.ByteSink$AsCharSink.openStream(ByteSink.java:158) ~[com.google.guava_15.0.0.v201403281430.jar:na]
	at com.google.common.io.CharSource.copyTo(CharSource.java:138) ~[com.google.guava_15.0.0.v201403281430.jar:na]
	at com.gradleware.tooling.toolingutils.distribution.PublishedGradleVersions.storeCacheVersionsFile(PublishedGradleVersions.java:194) [com.gradleware.tooling.utils_0.19.4.v20171108133209.jar:na]
	at com.gradleware.tooling.toolingutils.distribution.PublishedGradleVersions.tryToDownloadAndCacheVersions(PublishedGradleVersions.java:160) [com.gradleware.tooling.utils_0.19.4.v20171108133209.jar:na]
	at com.gradleware.tooling.toolingutils.distribution.PublishedGradleVersions.tryToUpdateOutdatedVersionsFile(PublishedGradleVersions.java:143) [com.gradleware.tooling.utils_0.19.4.v20171108133209.jar:na]
	at com.gradleware.tooling.toolingutils.distribution.PublishedGradleVersions.create(PublishedGradleVersions.java:127) [com.gradleware.tooling.utils_0.19.4.v20171108133209.jar:na]
	at org.eclipse.buildship.core.util.gradle.PublishedGradleVersionsWrapper$LoadVersionsJob.run(PublishedGradleVersionsWrapper.java:66) [org.eclipse.buildship.core_2.2.1.v20180125-1441.jar:na]
	at org.eclipse.core.internal.jobs.Worker.run(Worker.java:56) [org.eclipse.core.jobs_3.9.3.v20180115-1757.jar:na]
2020-11-12 14:41:07,578 [Worker-4] INFO  c.g.t.t.d.PublishedGradleVersions - Gradle version information cache is out-of-date. Trying to update.
2020-11-12 14:41:08,474 [Worker-4] ERROR c.g.t.t.d.PublishedGradleVersions - Cannot write Gradle version information cache file.
java.io.FileNotFoundException: C:\Users\leehwayong\.tooling\gradle\versions.json (액세스가 거부되었습니다)
	at java.io.FileOutputStream.open0(Native Method) ~[na:1.8.0_271]
	at java.io.FileOutputStream.open(Unknown Source) ~[na:1.8.0_271]
	at java.io.FileOutputStream.<init>(Unknown Source) ~[na:1.8.0_271]
	at com.google.common.io.Files$FileByteSink.openStream(Files.java:245) ~[com.google.guava_15.0.0.v201403281430.jar:na]
	at com.google.common.io.Files$FileByteSink.openStream(Files.java:233) ~[com.google.guava_15.0.0.v201403281430.jar:na]
	at com.google.common.io.ByteSink$AsCharSink.openStream(ByteSink.java:158) ~[com.google.guava_15.0.0.v201403281430.jar:na]
	at com.google.common.io.CharSource.copyTo(CharSource.java:138) ~[com.google.guava_15.0.0.v201403281430.jar:na]
	at com.gradleware.tooling.toolingutils.distribution.PublishedGradleVersions.storeCacheVersionsFile(PublishedGradleVersions.java:194) [com.gradleware.tooling.utils_0.19.4.v20171108133209.jar:na]
	at com.gradleware.tooling.toolingutils.distribution.PublishedGradleVersions.tryToDownloadAndCacheVersions(PublishedGradleVersions.java:160) [com.gradleware.tooling.utils_0.19.4.v20171108133209.jar:na]
	at com.gradleware.tooling.toolingutils.distribution.PublishedGradleVersions.tryToUpdateOutdatedVersionsFile(PublishedGradleVersions.java:143) [com.gradleware.tooling.utils_0.19.4.v20171108133209.jar:na]
	at com.gradleware.tooling.toolingutils.distribution.PublishedGradleVersions.create(PublishedGradleVersions.java:127) [com.gradleware.tooling.utils_0.19.4.v20171108133209.jar:na]
	at org.eclipse.buildship.core.util.gradle.PublishedGradleVersionsWrapper$LoadVersionsJob.run(PublishedGradleVersionsWrapper.java:66) [org.eclipse.buildship.core_2.2.1.v20180125-1441.jar:na]
	at org.eclipse.core.internal.jobs.Worker.run(Worker.java:56) [org.eclipse.core.jobs_3.9.3.v20180115-1757.jar:na]
